running egg_info
writing ../../build/scooter_data/scooter_data.egg-info/PKG-INFO
writing dependency_links to ../../build/scooter_data/scooter_data.egg-info/dependency_links.txt
writing entry points to ../../build/scooter_data/scooter_data.egg-info/entry_points.txt
writing requirements to ../../build/scooter_data/scooter_data.egg-info/requires.txt
writing top-level names to ../../build/scooter_data/scooter_data.egg-info/top_level.txt
reading manifest file '../../build/scooter_data/scooter_data.egg-info/SOURCES.txt'
adding license file 'LICENSE'
writing manifest file '../../build/scooter_data/scooter_data.egg-info/SOURCES.txt'
running build
running build_py
copying scooter_data/bag_recorder.py -> /home/ubuntu/ros2_ws/build/scooter_data/build/lib/scooter_data
running install
running install_lib
copying /home/ubuntu/ros2_ws/build/scooter_data/build/lib/scooter_data/bag_recorder.py -> /home/ubuntu/ros2_ws/install/scooter_data/lib/python3.12/site-packages/scooter_data
byte-compiling /home/ubuntu/ros2_ws/install/scooter_data/lib/python3.12/site-packages/scooter_data/bag_recorder.py to bag_recorder.cpython-312.pyc
running install_data
running install_egg_info
removing '/home/ubuntu/ros2_ws/install/scooter_data/lib/python3.12/site-packages/scooter_data-0.0.0-py3.12.egg-info' (and everything under it)
Copying ../../build/scooter_data/scooter_data.egg-info to /home/ubuntu/ros2_ws/install/scooter_data/lib/python3.12/site-packages/scooter_data-0.0.0-py3.12.egg-info
running install_scripts
Installing camera script to /home/ubuntu/ros2_ws/install/scooter_data/lib/scooter_data
writing list of installed files to '/home/ubuntu/ros2_ws/build/scooter_data/install.log'
