[1.229s] Invoking command in '/home/ubuntu/ros2_ws/src/scooter_data': PYTHONPATH=/home/ubuntu/ros2_ws/build/scooter_data/prefix_override:/usr/lib/python3/dist-packages/colcon_core/task/python/colcon_distutils_commands:/home/ubuntu/ros2_ws/install/scooter_data/lib/python3.12/site-packages:${PYTHONPATH} /usr/bin/python3 -W ignore:setup.py install is deprecated -W ignore:easy_install command is deprecated setup.py egg_info --egg-base ../../build/scooter_data build --build-base /home/ubuntu/ros2_ws/build/scooter_data/build install --record /home/ubuntu/ros2_ws/build/scooter_data/install.log --single-version-externally-managed install_data
[1.620s] running egg_info
[1.651s] writing ../../build/scooter_data/scooter_data.egg-info/PKG-INFO
[1.652s] writing dependency_links to ../../build/scooter_data/scooter_data.egg-info/dependency_links.txt
[1.653s] writing entry points to ../../build/scooter_data/scooter_data.egg-info/entry_points.txt
[1.654s] writing requirements to ../../build/scooter_data/scooter_data.egg-info/requires.txt
[1.655s] writing top-level names to ../../build/scooter_data/scooter_data.egg-info/top_level.txt
[1.712s] reading manifest file '../../build/scooter_data/scooter_data.egg-info/SOURCES.txt'
[1.714s] adding license file 'LICENSE'
[1.715s] writing manifest file '../../build/scooter_data/scooter_data.egg-info/SOURCES.txt'
[1.717s] running build
[1.718s] running build_py
[1.719s] copying scooter_data/bag_recorder.py -> /home/ubuntu/ros2_ws/build/scooter_data/build/lib/scooter_data
[1.720s] running install
[1.721s] running install_lib
[1.752s] copying /home/ubuntu/ros2_ws/build/scooter_data/build/lib/scooter_data/bag_recorder.py -> /home/ubuntu/ros2_ws/install/scooter_data/lib/python3.12/site-packages/scooter_data
[1.753s] byte-compiling /home/ubuntu/ros2_ws/install/scooter_data/lib/python3.12/site-packages/scooter_data/bag_recorder.py to bag_recorder.cpython-312.pyc
[1.754s] running install_data
[1.756s] running install_egg_info
[1.786s] removing '/home/ubuntu/ros2_ws/install/scooter_data/lib/python3.12/site-packages/scooter_data-0.0.0-py3.12.egg-info' (and everything under it)
[1.786s] Copying ../../build/scooter_data/scooter_data.egg-info to /home/ubuntu/ros2_ws/install/scooter_data/lib/python3.12/site-packages/scooter_data-0.0.0-py3.12.egg-info
[1.787s] running install_scripts
[1.986s] Installing camera script to /home/ubuntu/ros2_ws/install/scooter_data/lib/scooter_data
[1.989s] writing list of installed files to '/home/ubuntu/ros2_ws/build/scooter_data/install.log'
[2.050s] Invoked command in '/home/ubuntu/ros2_ws/src/scooter_data' returned '0': PYTHONPATH=/home/ubuntu/ros2_ws/build/scooter_data/prefix_override:/usr/lib/python3/dist-packages/colcon_core/task/python/colcon_distutils_commands:/home/ubuntu/ros2_ws/install/scooter_data/lib/python3.12/site-packages:${PYTHONPATH} /usr/bin/python3 -W ignore:setup.py install is deprecated -W ignore:easy_install command is deprecated setup.py egg_info --egg-base ../../build/scooter_data build --build-base /home/ubuntu/ros2_ws/build/scooter_data/build install --record /home/ubuntu/ros2_ws/build/scooter_data/install.log --single-version-externally-managed install_data
