[1.682s] Invoking command in '/home/ubuntu/ros2_ws/src/scooter_data': PYTHONPATH=/home/ubuntu/ros2_ws/build/scooter_data/prefix_override:/usr/lib/python3/dist-packages/colcon_core/task/python/colcon_distutils_commands:/home/ubuntu/ros2_ws/install/scooter_data/lib/python3.12/site-packages:${PYTHONPATH} /usr/bin/python3 -W ignore:setup.py install is deprecated -W ignore:easy_install command is deprecated setup.py egg_info --egg-base ../../build/scooter_data build --build-base /home/ubuntu/ros2_ws/build/scooter_data/build install --record /home/ubuntu/ros2_ws/build/scooter_data/install.log --single-version-externally-managed install_data
[2.107s] running egg_info
[2.108s] creating ../../build/scooter_data/scooter_data.egg-info
[2.137s] writing ../../build/scooter_data/scooter_data.egg-info/PKG-INFO
[2.138s] writing dependency_links to ../../build/scooter_data/scooter_data.egg-info/dependency_links.txt
[2.140s] writing requirements to ../../build/scooter_data/scooter_data.egg-info/requires.txt
[2.141s] writing top-level names to ../../build/scooter_data/scooter_data.egg-info/top_level.txt
[2.142s] writing manifest file '../../build/scooter_data/scooter_data.egg-info/SOURCES.txt'
[2.200s] reading manifest file '../../build/scooter_data/scooter_data.egg-info/SOURCES.txt'
[2.201s] adding license file 'LICENSE'
[2.203s] writing manifest file '../../build/scooter_data/scooter_data.egg-info/SOURCES.txt'
[2.204s] running build
[2.205s] running build_py
[2.206s] creating /home/ubuntu/ros2_ws/build/scooter_data/build
[2.207s] creating /home/ubuntu/ros2_ws/build/scooter_data/build/lib
[2.208s] creating /home/ubuntu/ros2_ws/build/scooter_data/build/lib/scooter_data
[2.209s] copying scooter_data/__init__.py -> /home/ubuntu/ros2_ws/build/scooter_data/build/lib/scooter_data
[2.210s] running install
[2.211s] running install_lib
[2.242s] creating /home/ubuntu/ros2_ws/install/scooter_data/lib/python3.12/site-packages/scooter_data
[2.243s] copying /home/ubuntu/ros2_ws/build/scooter_data/build/lib/scooter_data/__init__.py -> /home/ubuntu/ros2_ws/install/scooter_data/lib/python3.12/site-packages/scooter_data
[2.244s] byte-compiling /home/ubuntu/ros2_ws/install/scooter_data/lib/python3.12/site-packages/scooter_data/__init__.py to __init__.cpython-312.pyc
[2.245s] running install_data
[2.246s] creating /home/ubuntu/ros2_ws/install/scooter_data/share/ament_index
[2.247s] creating /home/ubuntu/ros2_ws/install/scooter_data/share/ament_index/resource_index
[2.248s] creating /home/ubuntu/ros2_ws/install/scooter_data/share/ament_index/resource_index/packages
[2.249s] copying resource/scooter_data -> /home/ubuntu/ros2_ws/install/scooter_data/share/ament_index/resource_index/packages
[2.250s] copying package.xml -> /home/ubuntu/ros2_ws/install/scooter_data/share/scooter_data
[2.251s] running install_egg_info
[2.276s] Copying ../../build/scooter_data/scooter_data.egg-info to /home/ubuntu/ros2_ws/install/scooter_data/lib/python3.12/site-packages/scooter_data-0.0.0-py3.12.egg-info
[2.277s] running install_scripts
[2.476s] writing list of installed files to '/home/ubuntu/ros2_ws/build/scooter_data/install.log'
[2.537s] Invoked command in '/home/ubuntu/ros2_ws/src/scooter_data' returned '0': PYTHONPATH=/home/ubuntu/ros2_ws/build/scooter_data/prefix_override:/usr/lib/python3/dist-packages/colcon_core/task/python/colcon_distutils_commands:/home/ubuntu/ros2_ws/install/scooter_data/lib/python3.12/site-packages:${PYTHONPATH} /usr/bin/python3 -W ignore:setup.py install is deprecated -W ignore:easy_install command is deprecated setup.py egg_info --egg-base ../../build/scooter_data build --build-base /home/ubuntu/ros2_ws/build/scooter_data/build install --record /home/ubuntu/ros2_ws/build/scooter_data/install.log --single-version-externally-managed install_data
