[1.677s] Invoking command in '/home/ubuntu/ros2_ws/src/scooter_data': PYTHONPATH=/home/ubuntu/ros2_ws/build/scooter_data/prefix_override:/usr/lib/python3/dist-packages/colcon_core/task/python/colcon_distutils_commands:/home/ubuntu/ros2_ws/install/scooter_data/lib/python3.12/site-packages:${PYTHONPATH} /usr/bin/python3 -W ignore:setup.py install is deprecated -W ignore:easy_install command is deprecated setup.py egg_info --egg-base ../../build/scooter_data build --build-base /home/ubuntu/ros2_ws/build/scooter_data/build install --record /home/ubuntu/ros2_ws/build/scooter_data/install.log --single-version-externally-managed install_data
[2.062s] running egg_info
[2.091s] writing ../../build/scooter_data/scooter_data.egg-info/PKG-INFO
[2.093s] writing dependency_links to ../../build/scooter_data/scooter_data.egg-info/dependency_links.txt
[2.095s] writing entry points to ../../build/scooter_data/scooter_data.egg-info/entry_points.txt
[2.096s] writing requirements to ../../build/scooter_data/scooter_data.egg-info/requires.txt
[2.097s] writing top-level names to ../../build/scooter_data/scooter_data.egg-info/top_level.txt
[2.155s] reading manifest file '../../build/scooter_data/scooter_data.egg-info/SOURCES.txt'
[2.157s] adding license file 'LICENSE'
[2.158s] writing manifest file '../../build/scooter_data/scooter_data.egg-info/SOURCES.txt'
[2.159s] running build
[2.160s] running build_py
[2.161s] copying scooter_data/camera.py -> /home/ubuntu/ros2_ws/build/scooter_data/build/lib/scooter_data
[2.162s] copying scooter_data/radar.py -> /home/ubuntu/ros2_ws/build/scooter_data/build/lib/scooter_data
[2.164s] running install
[2.166s] running install_lib
[2.196s] copying /home/ubuntu/ros2_ws/build/scooter_data/build/lib/scooter_data/camera.py -> /home/ubuntu/ros2_ws/install/scooter_data/lib/python3.12/site-packages/scooter_data
[2.197s] copying /home/ubuntu/ros2_ws/build/scooter_data/build/lib/scooter_data/radar.py -> /home/ubuntu/ros2_ws/install/scooter_data/lib/python3.12/site-packages/scooter_data
[2.199s] byte-compiling /home/ubuntu/ros2_ws/install/scooter_data/lib/python3.12/site-packages/scooter_data/camera.py to camera.cpython-312.pyc
[2.200s]   File "/home/ubuntu/ros2_ws/install/scooter_data/lib/python3.12/site-packages/scooter_data/camera.py", line 95
[2.201s]     cap.release()
[2.202s]     ^^^
[2.203s] SyntaxError: expected 'except' or 'finally' block
[2.204s] 
[2.206s] byte-compiling /home/ubuntu/ros2_ws/install/scooter_data/lib/python3.12/site-packages/scooter_data/radar.py to radar.cpython-312.pyc
[2.207s] running install_data
[2.208s] copying package.xml -> /home/ubuntu/ros2_ws/install/scooter_data/share/scooter_data
[2.209s] running install_egg_info
[2.232s] removing '/home/ubuntu/ros2_ws/install/scooter_data/lib/python3.12/site-packages/scooter_data-0.0.0-py3.12.egg-info' (and everything under it)
[2.233s] Copying ../../build/scooter_data/scooter_data.egg-info to /home/ubuntu/ros2_ws/install/scooter_data/lib/python3.12/site-packages/scooter_data-0.0.0-py3.12.egg-info
[2.234s] running install_scripts
[2.434s] Installing camera script to /home/ubuntu/ros2_ws/install/scooter_data/lib/scooter_data
[2.435s] writing list of installed files to '/home/ubuntu/ros2_ws/build/scooter_data/install.log'
[2.496s] Invoked command in '/home/ubuntu/ros2_ws/src/scooter_data' returned '0': PYTHONPATH=/home/ubuntu/ros2_ws/build/scooter_data/prefix_override:/usr/lib/python3/dist-packages/colcon_core/task/python/colcon_distutils_commands:/home/ubuntu/ros2_ws/install/scooter_data/lib/python3.12/site-packages:${PYTHONPATH} /usr/bin/python3 -W ignore:setup.py install is deprecated -W ignore:easy_install command is deprecated setup.py egg_info --egg-base ../../build/scooter_data build --build-base /home/ubuntu/ros2_ws/build/scooter_data/build install --record /home/ubuntu/ros2_ws/build/scooter_data/install.log --single-version-externally-managed install_data
