/home/ubuntu/ros2_ws/install/scooter_data/lib/python3.12/site-packages/scooter_data/__init__.py
/home/ubuntu/ros2_ws/install/scooter_data/lib/python3.12/site-packages/scooter_data/bag_recorder.py
/home/ubuntu/ros2_ws/install/scooter_data/lib/python3.12/site-packages/scooter_data/bag_reader.py
/home/ubuntu/ros2_ws/install/scooter_data/lib/python3.12/site-packages/scooter_data/camera.py
/home/ubuntu/ros2_ws/install/scooter_data/lib/python3.12/site-packages/scooter_data/radar.py
/home/ubuntu/ros2_ws/install/scooter_data/lib/python3.12/site-packages/scooter_data/__pycache__/__init__.cpython-312.pyc
/home/ubuntu/ros2_ws/install/scooter_data/lib/python3.12/site-packages/scooter_data/__pycache__/bag_recorder.cpython-312.pyc
/home/ubuntu/ros2_ws/install/scooter_data/lib/python3.12/site-packages/scooter_data/__pycache__/bag_reader.cpython-312.pyc
/home/ubuntu/ros2_ws/install/scooter_data/lib/python3.12/site-packages/scooter_data/__pycache__/camera.cpython-312.pyc
/home/ubuntu/ros2_ws/install/scooter_data/lib/python3.12/site-packages/scooter_data/__pycache__/radar.cpython-312.pyc
/home/ubuntu/ros2_ws/install/scooter_data/share/ament_index/resource_index/packages/scooter_data
/home/ubuntu/ros2_ws/install/scooter_data/share/scooter_data/package.xml
/home/ubuntu/ros2_ws/install/scooter_data/lib/python3.12/site-packages/scooter_data-0.0.0-py3.12.egg-info/entry_points.txt
/home/ubuntu/ros2_ws/install/scooter_data/lib/python3.12/site-packages/scooter_data-0.0.0-py3.12.egg-info/dependency_links.txt
/home/ubuntu/ros2_ws/install/scooter_data/lib/python3.12/site-packages/scooter_data-0.0.0-py3.12.egg-info/PKG-INFO
/home/ubuntu/ros2_ws/install/scooter_data/lib/python3.12/site-packages/scooter_data-0.0.0-py3.12.egg-info/zip-safe
/home/ubuntu/ros2_ws/install/scooter_data/lib/python3.12/site-packages/scooter_data-0.0.0-py3.12.egg-info/requires.txt
/home/ubuntu/ros2_ws/install/scooter_data/lib/python3.12/site-packages/scooter_data-0.0.0-py3.12.egg-info/SOURCES.txt
/home/ubuntu/ros2_ws/install/scooter_data/lib/python3.12/site-packages/scooter_data-0.0.0-py3.12.egg-info/top_level.txt
/home/ubuntu/ros2_ws/install/scooter_data/lib/scooter_data/bag_reader
/home/ubuntu/ros2_ws/install/scooter_data/lib/scooter_data/bag_recorder
/home/ubuntu/ros2_ws/install/scooter_data/lib/scooter_data/camera
