[1.519s] Invoking command in '/home/ubuntu/ros2_ws/src/scooter_data': PYTHONPATH=/home/ubuntu/ros2_ws/build/scooter_data/prefix_override:/usr/lib/python3/dist-packages/colcon_core/task/python/colcon_distutils_commands:/home/ubuntu/ros2_ws/install/scooter_data/lib/python3.12/site-packages:${PYTHONPATH} /usr/bin/python3 -W ignore:setup.py install is deprecated -W ignore:easy_install command is deprecated setup.py egg_info --egg-base ../../build/scooter_data build --build-base /home/ubuntu/ros2_ws/build/scooter_data/build install --record /home/ubuntu/ros2_ws/build/scooter_data/install.log --single-version-externally-managed install_data
[1.913s] running egg_info
[1.942s] writing ../../build/scooter_data/scooter_data.egg-info/PKG-INFO
[1.944s] writing dependency_links to ../../build/scooter_data/scooter_data.egg-info/dependency_links.txt
[1.945s] writing entry points to ../../build/scooter_data/scooter_data.egg-info/entry_points.txt
[1.946s] writing requirements to ../../build/scooter_data/scooter_data.egg-info/requires.txt
[1.947s] writing top-level names to ../../build/scooter_data/scooter_data.egg-info/top_level.txt
[2.005s] reading manifest file '../../build/scooter_data/scooter_data.egg-info/SOURCES.txt'
[2.005s] adding license file 'LICENSE'
[2.006s] writing manifest file '../../build/scooter_data/scooter_data.egg-info/SOURCES.txt'
[2.006s] running build
[2.007s] running build_py
[2.007s] copying scooter_data/camera.py -> /home/ubuntu/ros2_ws/build/scooter_data/build/lib/scooter_data
[2.007s] running install
[2.016s] running install_lib
[2.046s] copying /home/ubuntu/ros2_ws/build/scooter_data/build/lib/scooter_data/camera.py -> /home/ubuntu/ros2_ws/install/scooter_data/lib/python3.12/site-packages/scooter_data
[2.046s] byte-compiling /home/ubuntu/ros2_ws/install/scooter_data/lib/python3.12/site-packages/scooter_data/camera.py to camera.cpython-312.pyc
[2.048s] running install_data
[2.048s] running install_egg_info
[2.081s] removing '/home/ubuntu/ros2_ws/install/scooter_data/lib/python3.12/site-packages/scooter_data-0.0.0-py3.12.egg-info' (and everything under it)
[2.081s] Copying ../../build/scooter_data/scooter_data.egg-info to /home/ubuntu/ros2_ws/install/scooter_data/lib/python3.12/site-packages/scooter_data-0.0.0-py3.12.egg-info
[2.082s] running install_scripts
[2.281s] Installing bag_recorder script to /home/ubuntu/ros2_ws/install/scooter_data/lib/scooter_data
[2.285s] Installing camera script to /home/ubuntu/ros2_ws/install/scooter_data/lib/scooter_data
[2.285s] writing list of installed files to '/home/ubuntu/ros2_ws/build/scooter_data/install.log'
[2.345s] Invoked command in '/home/ubuntu/ros2_ws/src/scooter_data' returned '0': PYTHONPATH=/home/ubuntu/ros2_ws/build/scooter_data/prefix_override:/usr/lib/python3/dist-packages/colcon_core/task/python/colcon_distutils_commands:/home/ubuntu/ros2_ws/install/scooter_data/lib/python3.12/site-packages:${PYTHONPATH} /usr/bin/python3 -W ignore:setup.py install is deprecated -W ignore:easy_install command is deprecated setup.py egg_info --egg-base ../../build/scooter_data build --build-base /home/ubuntu/ros2_ws/build/scooter_data/build install --record /home/ubuntu/ros2_ws/build/scooter_data/install.log --single-version-externally-managed install_data
