[1.264s] Invoking command in '/home/ubuntu/ros2_ws/src/scooter_data': PYTHONPATH=/home/ubuntu/ros2_ws/build/scooter_data/prefix_override:/usr/lib/python3/dist-packages/colcon_core/task/python/colcon_distutils_commands:/home/ubuntu/ros2_ws/install/scooter_data/lib/python3.12/site-packages:${PYTHONPATH} /usr/bin/python3 -W ignore:setup.py install is deprecated -W ignore:easy_install command is deprecated setup.py egg_info --egg-base ../../build/scooter_data build --build-base /home/ubuntu/ros2_ws/build/scooter_data/build install --record /home/ubuntu/ros2_ws/build/scooter_data/install.log --single-version-externally-managed install_data
[1.651s] running egg_info
[1.680s] writing ../../build/scooter_data/scooter_data.egg-info/PKG-INFO
[1.684s] writing dependency_links to ../../build/scooter_data/scooter_data.egg-info/dependency_links.txt
[1.685s] writing entry points to ../../build/scooter_data/scooter_data.egg-info/entry_points.txt
[1.686s] writing requirements to ../../build/scooter_data/scooter_data.egg-info/requires.txt
[1.687s] writing top-level names to ../../build/scooter_data/scooter_data.egg-info/top_level.txt
[1.745s] reading manifest file '../../build/scooter_data/scooter_data.egg-info/SOURCES.txt'
[1.746s] adding license file 'LICENSE'
[1.748s] writing manifest file '../../build/scooter_data/scooter_data.egg-info/SOURCES.txt'
[1.749s] running build
[1.750s] running build_py
[1.751s] copying scooter_data/bag_recorder.py -> /home/ubuntu/ros2_ws/build/scooter_data/build/lib/scooter_data
[1.752s] running install
[1.755s] running install_lib
[1.785s] copying /home/ubuntu/ros2_ws/build/scooter_data/build/lib/scooter_data/bag_recorder.py -> /home/ubuntu/ros2_ws/install/scooter_data/lib/python3.12/site-packages/scooter_data
[1.786s] byte-compiling /home/ubuntu/ros2_ws/install/scooter_data/lib/python3.12/site-packages/scooter_data/bag_recorder.py to bag_recorder.cpython-312.pyc
[1.787s] running install_data
[1.789s] running install_egg_info
[1.819s] removing '/home/ubuntu/ros2_ws/install/scooter_data/lib/python3.12/site-packages/scooter_data-0.0.0-py3.12.egg-info' (and everything under it)
[1.820s] Copying ../../build/scooter_data/scooter_data.egg-info to /home/ubuntu/ros2_ws/install/scooter_data/lib/python3.12/site-packages/scooter_data-0.0.0-py3.12.egg-info
[1.821s] running install_scripts
[2.019s] Installing bag_recorder script to /home/ubuntu/ros2_ws/install/scooter_data/lib/scooter_data
[2.022s] Installing camera script to /home/ubuntu/ros2_ws/install/scooter_data/lib/scooter_data
[2.023s] writing list of installed files to '/home/ubuntu/ros2_ws/build/scooter_data/install.log'
[2.083s] Invoked command in '/home/ubuntu/ros2_ws/src/scooter_data' returned '0': PYTHONPATH=/home/ubuntu/ros2_ws/build/scooter_data/prefix_override:/usr/lib/python3/dist-packages/colcon_core/task/python/colcon_distutils_commands:/home/ubuntu/ros2_ws/install/scooter_data/lib/python3.12/site-packages:${PYTHONPATH} /usr/bin/python3 -W ignore:setup.py install is deprecated -W ignore:easy_install command is deprecated setup.py egg_info --egg-base ../../build/scooter_data build --build-base /home/ubuntu/ros2_ws/build/scooter_data/build install --record /home/ubuntu/ros2_ws/build/scooter_data/install.log --single-version-externally-managed install_data
